<?xml version="1.0" encoding="UTF-8"?>
<testng-results ignored="0" total="1" passed="1" failed="0" skipped="0">
  <reporter-output>
  </reporter-output>
  <suite started-at="2022-11-02T09:55:18Z" name="Default suite" finished-at="2022-11-02T09:55:26Z" duration-ms="7620">
    <groups>
    </groups>
    <test started-at="2022-11-02T09:55:18Z" name="Default test" finished-at="2022-11-02T09:55:26Z" duration-ms="7620">
      <class name="com.testInterviewPractice.tests.AllSelenium">
        <test-method signature="AllLocatorsPractice()[pri:0, instance:com.testInterviewPractice.tests.AllSelenium@272113c4]" started-at="2022-11-02T09:55:18Z" name="AllLocatorsPractice" finished-at="2022-11-02T09:55:26Z" duration-ms="7580" status="PASS">
          <reporter-output>
          </reporter-output>
        </test-method> <!-- AllLocatorsPractice -->
      </class> <!-- com.testInterviewPractice.tests.AllSelenium -->
    </test> <!-- Default test -->
  </suite> <!-- Default suite -->
</testng-results>
